<?xml version="1.0" encoding="UTF-8"?><resources><string formatted="false" name="android_api_key" translatable="false">AIzaSyDROB7EifdWRt-HhFcdvmoxgB-GHtPEnMI</string><string name="app_name" translatable="false">RingMD</string><!-- **********************************************************************************           *****************           *****************           *****************                                Account kit start           ******************************************************************************** --><string name="fb_app_id" translatable="false">475074902687159</string><string name="ak_login_protocol_scheme">Ak475074902687159</string><string name="fb_client_token">390849449ea36d63f1aab97a0329bfcd</string><string name="clientTermsOfService">Http://m.ring.md/terms</string><string name="clientPrivacyPolicy">Http://m.ring.md/privacy</string><!-- **********************************************************************************                                Account kit end    *************************************************************************************** --><!-- **********************************************************************************           *****************           *****************           *****************                                Sign in and sign up start           ******************************************************************************** --><string name="account_name_hint">휴대 전화 번호 또는 이메일을 입력</string><string name="sign_up_title">계정 정보</string><string name="doctor_details">의사의 자세한 사항</string><string name="sign_in_issue_title">문제 로그인</string><string name="prompt_sign_in">로그인</string><string name="get_started_with">/ 등록 로그인</string><string name="i_am_hint">나는</string><string name="hint_select_role">역할을 선택하세요</string><string name="hint_input_email">이메일을 입력</string><string name="hint_input_name">전체 이름</string><string name="hint_biography">당신에게 전문적인 전기를 입력</string><string name="avatar_hint">프로필 \n 사진을 추가</string><string name="mobile_number">휴대 전화 번호</string><string name="magic_link">매직 링크</string><string name="magic_link_intro">대신 암호를 입력하는 마법의 링크는 즉시에 로그인 할 때 당신에게 링크를 이메일을 보내드립니다</string><string name="classic_sign_in_intro">여기서 새 계정을 만들거나 기존 RingMD 계좌 정보를 입력 할 수 있습니다.</string><string name="hint_cannot_access">'t 기존 계정에 액세스 할 \ 수 있습니까?</string><string name="reset_pw">암호 재설정 이메일 보내기</string><string name="resend_confirmation">확인 이메일을 다시 보내</string><string name="title_upload_documents">확인 서류</string><string name="upload_documents_hint">확인을 위해 카드 및 의료 라이센스를 확인하여 업로드하시기 바랍니다. 이것은 우리가 귀하의 계정을 승인하는 데 도움이 될 것입니다.</string><string name="skip_hint">나중에 그것을 지금 건너 뛸 수 있습니다</string><!-- **********************************************************************************                                Sign in and sign up end    *************************************************************************************** --><!-- **********************************************************************************       *****************       *****************       *****************                                Supported languages start       ************************************************************************************ --><string name="language_english" translatable="false">English</string><string name="language_hindi" translatable="false">हिन्दी</string><string name="language_indonesian" translatable="false">Bahasa Indonesia</string><string name="language_vietnamese" translatable="false">Tiếng Việt</string><string name="language_japanese" translatable="false">日本語</string><string name="language_chinese" translatable="false">中文</string><string name="language_thai" translatable="false">ไทย</string><!-- **********************************************************************************                                Supported languages end    *************************************************************************************** --><!-- **********************************************************************************    *****************    *****************    *****************                                Medical history strings start    *************************************************************************************** --><!--  Answer options --><string name="every_day">매일</string><string name="some_days">언젠가</string><string name="never">못</string><string name="none">없음</string><!--  Tab titles --><string name="general">일반</string><string name="tab_medical_history">과거</string><string name="tab_family_medical_history">가족</string><!--  General information  --><string name="year_of_birth">출생 년도</string><string name="select_born_year_hint">출생의 임기를 선택하세요</string><string name="occupation">직업</string><string name="occupation_hint">예를 들어 학생, 정비사</string><string name="ethnicity">인종</string><string name="state_ethnicity_hint">예를 들어, 백인, 아시아</string><string name="gender">성별</string><string name="male">남성</string><string name="female">여자</string><string name="height">신장</string><string name="height_cm" translatable="false">cm</string><string name="height_inch" translatable="false">in</string><string name="weight">무게</string><string name="weight_kg" translatable="false">kg</string><string name="weight_pound" translatable="false">lbs</string><string name="prompt_how_often_drink_alcohol">얼마나 자주 술을 마십니까?</string><string name="drink_alcohol_details">하루에 음료 알코올의 종류와 수를 설명</string><string name="prompt_how_often_smoke">얼마나 자주 흡연합니까?</string><string name="smoke_amount_hint">양을 설명하고 하루에 입력</string><string name="question_how_often_use_recreational_drugs">얼마나 자주 당신은 레크 리 에이션 약물을 사용합니까?</string><string name="hint_recreational_drug_names">기재 해주세요하는 약물과 당신이 그들을 사용 빈도</string><!--  Medical history  --><string name="diagnosed_medical_conditions">혹시 어떤 건강 상태 진단을받은 적이 있습니까? (해당 사항을 모두 선택)</string><string name="have_ever_cancer">혹시 암으로 고통 적이 있습니까?</string><string name="cancer_details_hint">암의 어느 기관에 어떤 종류의?</string><string name="have_ever_substantial_trauma">당신은 상당한 외상을 입은 적이 있습니까?</string><string name="common_medical_history_detail_hint">설명해주세요</string><string name="have_ever_had_surgeries">당신은 어떤 수술 경험이 있나요?</string><string name="medications_and_dosages_hint">당신의 약물과 용량을 기재 해주세요. &quot;카운터를 통해&quot;약물 및식이 보조제를 기입하십시오.</string><string name="prompt_do_you_have_drug_allergies">당신은 약물 알레르기가 있습니까?</string><string name="drug_allergies_hint">알레르기 약물 (들) 당신이에 반응의 이름을</string><string name="have_other_allergies">당신은 환경 음식, 또는 다른 알레르기가 있습니까?</string><string name="have_life_threatening_allergies">당신의 알레르기 반응 수명 (아나필락시스)을 위협했다?</string><string name="is_receiving_any_medical_treatment">당신은 다른 질환에 대한 치료를 받고 있습니까? 당신의 보호 아래있는 다른 컨설턴트를 기재 해주세요.</string><string name="prompt_detail_medical_treatment_hint">세부 사항 (치료의 유형, 당신이 먹는 약)</string><!--  Family medical history --><string name="prompt_question_family_history">당신의 직계 가족에서 사람이 다음과 같은 건강 상태의 진단을받은 적이 있습니까?</string><string name="prompt_who_was_diagnosed">누구를 진단?</string><string name="parent">부모의</string><string name="prompt_sibling">형제</string><string name="prompt_grand_parent">조부모</string><!--  Notify message --><string name="update_medical_profile_successfully">의료 프로파일이 업데이트됩니다</string><string name="discard_changes_confirm">변경 사항을 취소?</string><!--  View patient health profile --><string name="profile_alcohol_use">음주</string><string name="profile_tobacco_use">흡연</string><string name="profile_recreational_drug_use">레크 리 에이션 약물 복용</string><string name="profile_history_cancer">암</string><string name="profile_history_trauma">외상</string><string name="profile_history_surgeries">수술</string><string name="profile_history_medications">의약품</string><string name="profile_history_drug_allergies">약물 알레르기</string><string name="profile_history_other_allergies">기타 알레르기</string><string name="profile_history_life_threaten_allergies">인생은 알레르기를 위협</string><string name="profile_history_other_med_treatments">기타 의료 치료</string><!-- **********************************************************************************                                Medical history strings start    *************************************************************************************** --><!-- **********************************************************************************       *****************       *****************       *****************                                Appointment related strings start       ************************************************************************************ --><!--  Since the date --><string name="since_the_date">이후 %s</string><!--  On the date --><string name="on_the_date">...에 %s</string><!-- The doctor confirm the appointment "for" a specific date--><string name="for_appointment_date">...에 %s 대한</string><string name="start_call">통화 시작</string><string name="confirmed">확인 된</string><string name="pending">대기 중</string><string name="waiting_payment">결제 정보를 기다리는 중</string><string name="expired">만료</string><string name="completed">완료</string><string name="cancelled">취소 된</string><string name="missed">부재 중</string><string name="duration">지속</string><string name="no_available_suggested_slots">죄송합니다 2 주 이내에 의사 \ '의 일정은 이미 꽉 찼습니다.</string><!-- **********************************************************************************                                Appointment related strings end    *************************************************************************************** --><!-- **********************************************************************************       *****************       *****************       *****************                                Settings item strings start       ************************************************************************************ --><string name="settings_basic_info">기본 정보</string><string name="settings_log_out">로그 아웃</string><string name="settings_doctor_profile">프로필 설정</string><string name="financial_details">금융 세부 사항</string><string name="language">언어</string><string name="select_display_language">선택 표시 언어</string><string name="change_language_confirm_title">언어를 변경 하시겠습니까?</string><string name="change_language_confirm_message">응용 프로그램은 변경 내용을 적용하려면 다시 시작됩니다</string><string name="available_hour">사용 가능 시간</string><string name="health_profile">건강 프로필</string><string name="connected_devices">연결된 장치</string><string name="avatar">화신</string><string name="edit">편집하다</string><string name="select_gallery">기존 사진</string><string name="take_photo">사진을 찍다</string><string name="select_file_failed_permission">외부 저장 장치에 RingMD이 거부 된 액세스 파일을 업로드 액세스 할 수 있도록하시기 바랍니다</string><string name="camera_failed_permission">RingMD은 사진을 촬영 액세스 할 수 있도록하시기 바랍니다 카메라에 액세스가 거부되었습니다</string><!-- **********************************************************************************                                Settings item strings end    *************************************************************************************** --><!-- **********************************************************************************       *****************       *****************       *****************                                Payment strings start       ************************************************************************************ --><string name="payment_details">지불 세부 사항</string><string name="account_holder_hint">계정 소유자 이름</string><string name="card_number">카드 번호</string><string name="card_number_snippet" translatable="false">…-%s</string><string name="card_cvc_hint" translatable="false">CVC</string><string name="card_expire_year_hint">만기 년</string><string name="card_expire_month_hint">만기 월</string><string name="select_card">선택 카드</string><string name="add_new_card_new">새 카드 추가</string><string name="proceed_to_payment">결제로 진행</string><string name="instant_payment_note">당신의 호출이 성공할 때까지 * 당신은 청구되지 않습니다</string><string name="bank_account_title">은행 계좌 정보</string><string name="bank_account_hint">이 정보는 RingMD 아일랜드 Pte 주식 회사는 지로 전송을 통해 다음 계정에 누적, 월 단위로 일체의 이익을 이전 할 수 있도록하는 데 사용됩니다. 데이터가 RingMD는 주요 은행과 동일한 \n \n 보안 레벨을 사용, 100 % 안전합니다.</string><string name="bank_name">당신의 은행 이름</string><string name="bank_address">귀하의 은행 주소</string><string name="swift_code">SWIFT 코드</string><string name="account_number">계좌 번호</string><string name="bank_info_missing">모든 필드를 입력하세요</string><!-- **********************************************************************************                                Payment strings end    *************************************************************************************** --><!-- **********************************************************************************       *****************       *****************       *****************                                Doctor profile start       ************************************************************************************ --><string name="expertise">전문적 지식</string><string name="prompt_others">기타</string><string name="add_available_hours">사용 가능 시간 추가</string><string name="timezone_required">입력 시간대 ...</string><string name="hour_range_invalid_end">종료 시간이 시작 시간보다 이상이어야</string><string name="select_country_hint">국가 선택 ...</string><string name="select_currency_hint">통화를 선택 ...</string><string name="prompt_video_link">비디오 링크</string><string name="prompt_youtube_video">유튜브 비디오</string><string name="add_youtube_link">유튜브 링크 추가</string><string name="error_invalid_youtube_link">입력 해주세요 유효한 유튜브 링크</string><string name="prompt_professional_biography">전문 전기</string><string name="prompt_awards">상</string><string name="add_award">상을 추가</string><string name="edit_award">편집 상</string><string name="prompt_affiliations">제휴</string><string name="add_affiliation">제휴 추가</string><string name="edit_affiliation">편집 제휴</string><string name="prompt_practice_address">연습 주소</string><string name="prompt_practice_name_hint">연습 명</string><string name="add_practice_address">연습 주소 추가</string><string name="edit_practice_address">편집 연습 주소</string><string name="prompt_medical_license">의료 라이센스</string><string name="prompt_id_card_passport">여권 / ID 카드</string><string name="prompt_identification">신분증</string><string name="prompt_medical_school">의과 대학</string><string name="add_medical_school">의대 추가</string><string name="edit_medical_school">의과 대학을 편집</string><string name="practice_address_not_filled">이름과 주소를 모두 기입하십시오</string><string name="select_year_hint">선택 년</string><string name="prompt_fellowships">동호회</string><string name="add_fellowship">교제를 추가</string><string name="edit_fellowship">편집 교제</string><string name="prompt_residencies">레지던시</string><string name="add_residency">거주 추가</string><string name="edit_residency">편집 거주</string><string name="warning_specialty_not_found">특수 찾을 수 없습니다</string><string name="text_editor_input_hint">여기에 입력 한 내용</string><!-- **********************************************************************************                                Doctor profile end    *************************************************************************************** --><!-- **********************************************************************************       *****************       *****************       *****************                                Video call start       ************************************************************************************ --><string name="video_call_with">로 호출합니다. %s</string><string name="end_call_confirm">전화 끝?</string><string name="prompt_remaining_time_video_waiting_label">동영상은에서 시작됩니다. %s</string><string name="prompt_waiting_for_join">가입을 위해 %s ...이 화면에 머물하세요 기다리고입니다.</string><string formatted="false" name="instant_accepted_request">치하! 우리는 글꼴 색상 = &quot;#의 &lt; ec8444&quot;/ 글꼴을 > %1$s &lt; 연결했습니다. > BR &lt; 당신은 > 화상 통화 한 번 폰트 컬러로 리디렉션됩니다 = &quot;#의 &lt; ec8444&quot;/ 글꼴을 > %2$s &lt; 확인합니다. ></string><string name="video_call_failed_permission">화상 통화를 할 수없는 것은 진행 마이크와 카메라에 대한 액세스 권한을 부여하십시오</string><!-- **********************************************************************************                                Video call end    *************************************************************************************** --><!-- **********************************************************************************       *****************       *****************       *****************                                Notification start       ************************************************************************************ --><string name="notify_new_messages">%s 새 메시지</string><string name="notify_new_requests">%s 새 요청</string><string name="notify_new_notifications_qa">%s 질문에 새로운 알림</string><string name="go_to_inbox">받은 편지함으로 이동</string><string name="notifications">알림</string><string name="mark_read">마크 모든 읽기</string><string name="notification_settings">알림 설정</string><string name="notification_receive_message">나는 새로운 메시지를받을 때</string><string name="notification_remind_appointment">예약 상담하기 전에 생각 나게하려면</string><string name="notification_expired_appointment">예약 상담이 만료 될 때</string><string name="notification_doctor_receive_request">나는 새로운 상담 요청을 수신 할 때</string><string name="notification_doctor_accept_request">나는 상담 요청을 수락 할 때</string><string name="notification_doctor_require_documents">나는 더 많은 문서를 업로드해야하는 경우</string><string name="notification_doctor_new_thanks_note">새로운 감사가있을 때 내 대답에 노트</string><string name="notification_patient_request_created">나는 성공적으로 새 요청을 만들 때</string><string name="notification_patient_request_accepted">의사는 내 상담 요청을 수락 할 때</string><string name="notification_patient_question_answered">내 질문에 새로운 답변이있을 때</string><string name="notification_send_email">이메일을 보내다</string><string name="no_unread_notifications">당신은 더 읽지 않은 알림이 없습니다</string><!-- **********************************************************************************                                Notification end    *************************************************************************************** --><!-- **********************************************************************************       *****************       *****************       *****************                                Q&A start       ************************************************************************************ --><!--  Questions and Answers --><string name="questions">질문</string><string name="hint_input_age_gender">이 일회성 업데이트됩니다 성별과 첫 번째 질문을 게시하는 \n 출생 연도를 업데이트하세요 ONLY \n \n</string><string name="question_input_title">질문하기</string><string name="question_edit_title">편집 질문</string><string name="answer_input_title">귀하의 답변을 게시</string><string name="answer_edit_title">편집 답변</string><string name="question_input_hint">여기에 질문을 입력 ...</string><string name="answer_input_hint">여기에 답을 입력 ...</string><string name="posting_loading">전기…</string><string name="question_posted">질문 게시</string><string name="qa_content_updated">몇 가지 질문과 답변이 업데이트되었습니다</string><string name="no_answers_hint">답변 없음</string><string name="no_answers_hint_my_question">귀하의 질문에 대한 답변이 때 이메일을 통해 통보를받을 것</string><string name="post_answer_hint">지금 답변</string><string name="warning_question_empty">입력 귀하의 질문을하세요</string><string name="warning_question_too_short">질문 적어도 10 자이 있어야합니다</string><string name="warning_answer_empty">입력 귀하의 답변을 바랍니다</string><string name="warning_content_not_modify">콘텐츠는 변경되지 않은</string><string name="delete_question_verify">이 질문을 삭제 하시겠습니까?</string><string name="delete_thank_note_verify">이 당신은주의 부탁드립니다 삭제?</string><string name="write_thank_note">감사합니다 메모를 작성 ...</string><string name="edit_thank_note">당신은주의하여 감사를 편집</string><string name="view_thank_notes">보기 노트</string><string name="warning_thank_note_empty">입력 당신은 당신이주의 감사하십시오</string><string name="sort_filter">필터 및 정렬</string><string name="error_loading_specialties">부하 요리에 실패</string><!--  Sort questions options --><string name="sort_questions_by_popular">가장 인기 많은</string><string name="sort_questions_by_recent">가장 최근</string><!--  Filter questions options --><string name="filter_questions_all">모든</string><string name="filter_questions_answered">답변</string><string name="filter_questions_unanswered">보답 없는</string><string name="filter_questions_my_answers">내 답변</string><string name="filter_questions_my_questions">내 질문</string><string name="filter_questions_following">수행원</string><string formatted="false" name="patient_detailed">&lt; b > %1$s &lt; / > B를 (,,) %2$d - %3$s %4$s %5$s</string><string formatted="false" name="patient_detailed_sub">%1$d, %2$s, %3$s - %4$s</string><string formatted="false" name="who_ask">&lt; b > %1$s &lt; / > B를 - %2$s</string><plurals name="answers_count"><item quantity="one">1 답변</item><item quantity="other">%s 답변</item></plurals><plurals name="followers_count"><item quantity="one">1 플로워</item><item quantity="other">%s 팔로워</item></plurals><plurals name="agrees_count"><item quantity="one">1 동의</item><item quantity="other">%s 동의</item></plurals><plurals name="thanks_count"><item quantity="one">(1) 감사</item><item quantity="other">%s 감사</item></plurals><string name="you">당신</string><string name="report_question">보고서</string><string name="reason_spam">스팸</string><string name="reason_inappropriate">부적절한 내용</string><string name="reason_others">기타</string><string name="reason_others_hint">정보를 제공하십시오 ...</string><string name="search_question_answer">검색 Q &#38; A 내용</string><string name="talk_doctor">의사와 상담</string><!-- **********************************************************************************                                Q&A end    *************************************************************************************** --><!-- **********************************************************************************       *****************       *****************       *****************                                Date time format string start       ************************************************************************************ --><string name="today">오늘</string><string name="date_time_now">잠시 전</string><string name="date_time_yesterday">어제</string><plurals name="date_time_minutes_ago"><item quantity="one">일분 전</item><item quantity="other">%d 몇분 전에</item></plurals><plurals name="date_time_hours_ago"><item quantity="one">일시간 전</item><item quantity="other">%d 시간 전</item></plurals><!-- **********************************************************************************                                Date time format string end    *************************************************************************************** --><!-- **********************************************************************************       *****************       *****************       *****************                                Doctors sort options start       ************************************************************************************ --><string name="doctors_sort_best_match">모든 의사</string><string name="doctors_sort_price_high_low">가격 : 내림차순</string><string name="doctor_sort_price_low_high">낮은 가격순</string><string name="doctors_sort_name_asc">이름 : A에서 Z</string><string name="doctors_sort_name_desc">이름 : A와 Z</string><!-- **********************************************************************************                                Doctors sort options end    *************************************************************************************** --><!-- **********************************************************************************       *****************       *****************       *****************                                Doctor actions start       ************************************************************************************ --><string name="add_favorite">즐겨 찾기에 추가</string><string name="remove_favorite">마음에 드는에서 제거</string><string name="added_favorite">의사는 당신의 마음에 드는 추가됩니다</string><string name="removed_favorite">의사가 당신의 마음에 드는에서 제거</string><string name="add_colleague">동료에 추가</string><string name="remove_colleague">동료에서 제거</string><string name="added_colleague">의사는 동료에 추가</string><string name="removed_colleague">의사는 동료에서 제거</string><string name="favorites">즐겨 찾기</string><string name="colleagues">동료</string><string name="no_favorites">'이 t 아직 마음에 드는 의사가 \ 당신은 돈.</string><string name="no_favorites_intro">의사 \ '의 프로필을 방문하고 \를 클릭하여 좋아하는 의사 추가 &quot;를 즐겨 찾기에 추가 \&quot;</string><string name="no_colleagues">'이 t 아직 동료 의사가 \ 당신은 돈.</string><string name="no_colleagues_intro">의사 \ '의 프로필을 방문하고 \를 클릭하여 동료 의사 추가 &quot;동료 추가 \&quot;</string><!-- **********************************************************************************                                Doctor actions end    *************************************************************************************** --><!-- **********************************************************************************           *****************           *****************           *****************                                Drawer menu start           ************************************************************************************ --><string name="drawer_appointments">설비</string><string name="drawer_questions">질문</string><string name="drawer_doctors">의사</string><string name="drawer_messages">메시지</string><string name="drawer_instant_call">지금 의사를 반지</string><string name="drawer_instant_ring">인스턴트 링</string><string name="drawer_profile">프로필 및 설정</string><string name="drawer_available">유효한</string><!-- **********************************************************************************                                Drawer menu end    *************************************************************************************** --><!-- **********************************************************************************           *****************           *****************           *****************                                Connected devices start           ************************************************************************************ --><string name="scanning_devices">검색 연결된 장치 ...</string><string name="no_devices_found">찾지 장치가 없습니다</string><string name="bluetooth_off">블루투스 해제</string><string name="bluetooth_turn_on_hint">기능을 사용하기 위해 블루투스를 활성화하십시오</string><string name="bluetooth_not_supported">블루투스를 지원하지 않는 기기</string><string name="ms_band">마이크로 소프트 밴드</string><string name="apple_watch">애플 시계</string><string name="android_wear">Android Wear</string><string name="unknown">알 수 없는</string><string name="contacting_device">장치 문의 ...</string><string name="device_not_worn">데이터를 가져 오는 시작 장치를 착용하십시오</string><string name="heart_rate">심박수</string><string formatted="false" name="heart_rate_value">&lt; 큰 > &lt; 큰 > &lt; ㄴ > &lt; 글꼴 색상 > %s &lt; = > &lt; &quot;# > &lt; 3bb3e7&quot;/ > &lt; 글꼴 > / B / 큰 / 큰 BPM</string><string name="temperature">온도</string><string formatted="false" name="temperature_value">&lt; 큰 > &lt; 큰 > &lt; ㄴ > &lt; 글꼴 색상 > %s &lt; = > &lt; &quot;# > &lt; 3bb3e7&quot;/ > &lt; 글꼴 > / B / 큰 / 큰 섭씨</string><string name="gsr">GSR</string><string formatted="false" name="gsr_value">&lt; 큰 > &lt; 큰 > &lt; ㄴ > &lt; 글꼴 색상 > %s &lt; = > &lt; &quot;# > &lt; 3bb3e7&quot;/ > &lt; 글꼴 > / B / 대형 / 대형의 kOhms</string><string name="rr_interval">RR 간격</string><string name="rr_interval_hint">* 터치와 RR 간격 아이콘을 길게는 심장 박동을 듣습니다</string><string formatted="false" name="rr_interval_value">&lt; 큰 > &lt; 큰 > &lt; ㄴ > &lt; 글꼴 색상 > %s &lt; = > &lt; &quot;# > &lt; 3bb3e7&quot;/ > &lt; 글꼴 > / B / 큰 / 큰 초</string><string formatted="false" name="need_permission_value">&lt; 큰 > &lt; 글꼴 색상 > = &quot;#의 &lt; EC8444&quot;액세스 > &lt; 허용? > / 폰트 / 큰</string><string name="bluetooth_turn_on_share_video_hint">당신은 마이크로 소프트 밴드를 가지고 의사에 밴드에서 당신의 건강 데이터를 공유하려는 경우, 블루투스를 켜주십시오</string><string name="health_share_video_hint">당신은 마이크로 소프트 밴드에서 당신의 건강 데이터를 의사에 공유 할 수 있습니까? 건강 데이터를 수집 만이 화상 통화 중에 의사에 공유됩니다.</string><!-- **********************************************************************************                                Connected devices end    *************************************************************************************** --><!-- **********************************************************************************      *****************      *****************      *****************                                Instant request string start      ************************************************************************************ --><!--  Patient side --><string name="confirm_quit_scanning">당신이 정말로 중지 하시겠습니까?</string><string name="hello_patient">여보세요, %s !</string><string name="duration_colon">지속:</string><string name="consultation_fee_colon">상담 요금 :</string><string name="cost_colon">비용:</string><string name="calling_prefix">부름 %s</string><string name="book_appointment">도서 예약</string><string name="find_other_dr">다른 의사를 찾아</string><string name="not_available">%s 지금은 사용할 수 없습니다 \n</string><string name="book_appointment_hint">대신에와 약속을 예약, 통화에 %s 대한 시간 \n 슬롯을 선택</string><string name="instant_call_complete_title">전체 전화</string><string name="symptoms_colon">조짐:</string><string name="cancel_target_call_hint">너무 오래 걸려? \n 취소 통화를 취소하면 대신 당신은 부과되지 \n 않습니다 약속을</string><string name="description_colon">기술:</string><string name="instant_not_allow_back">잠시만 기다려주십시오!</string><string name="situation_input_hint">여기에 상황을 설명 ...</string><string name="situation_input_empty">상황을 설명하세요!</string><string name="situation_example">예 &lt; : > 나는 내 목에 약간 아픈 느낌. / &lt; 나는 > &lt; BR > &lt; BR > 우리는 당신을위한 최고의 의사를 찾을 수</string><string name="instant_sending_confirm">확인 전화</string><string name="searching_doctors_title">의사 검색 중 ...</string><string name="scanning_doctors_body">우리는 당신을 도울 수있는 의사를 찾고있다 \n</string><string name="scanning_doctors_retry">우리의 의사는 순간에 바쁘다. 다시 시도하십시오. \n</string><string formatted="false" name="dr_accepted">&lt; 글꼴 색상 > %s &lt; = > &quot;#의 ec8444&quot;/ 글꼴 전화를 수락했습니다. &lt; BR > 당신은 글꼴 색상의 대기실로 리디렉션됩니다 = &quot;#의 ec8444&quot;S / &lt; 글꼴 > > &lt; %d</string><!--  Doctor side --><string name="instant_call_common_title">인스턴트 링</string><string name="incoming">들어오는</string><string name="instant_time_remaining">시간 왼쪽 &lt; BR의 > &lt; b > %s &lt; / > B</string><string name="direct_call">직접 전화</string><string name="no_instant_call">이 순간에 환자로부터 인스턴트 링이 \n 없습니다.</string><string name="instant_stop_reason_released">요청이 만료되었거나 다른 의사에 의해 수행됩니다.</string><string name="instant_stop_reason_rejected">요청은 다른 의사에 의해 촬영되었습니다.</string><string name="instant_stop_reason_cancelled">요청이 취소되었습니다.</string><string name="instant_accepting_request">환자에 연결</string><string name="go_back">뒤로 가기</string><string name="back_to_appointments">다시 약속에</string><string name="not_available_instant_call">당신은 인스턴트 전화를받을 사용할 수 없습니다</string><string name="switch_available">사용 가능한 전환</string><string name="error_specialty_required">적어도 하나의 전문 분야를 선택하세요</string><string name="require_pick_one_time_slot">하나의 시간 슬롯을 선택하세요</string><string name="prompt_1min">1 분</string><string name="not_set">설정되지 않음</string><!-- **********************************************************************************                                Instant request string end    *************************************************************************************** --><string name="patient">환자</string><string name="doctor">의사</string><string name="allow">허용하다</string><string name="not_allow">허용되지 않음</string><string name="optional">선택 과목</string><string name="title_doctor">박사</string><string name="undo">끄르다</string><string name="refresh">새롭게 하다</string><string name="prompt_delete">지우다</string><string name="remove">제거</string><string name="retry">다시 해 보다</string><string name="yes">예</string><string name="no">아니</string><string name="prompt_next">다음</string><string name="prompt_error">오류</string><string name="prompt_done">끝난</string><string name="prompt_notification">공고</string><string name="prompt_loading">로드 중 ...</string><string name="prompt_logging_out">로그 아웃 ...</string><string name="prompt_name">이름</string><string name="prompt_email_and_pass">이메일과 비밀번호</string><string name="prompt_change_password">암호 변경</string><string name="change_email">이메일을 바꾸다</string><string name="access_denied">접근 거부</string><string name="not_found">찾을 수 없음</string><string name="country_code">국가 코드</string><string name="prompt_location">위치</string><string name="prompt_save">저장</string><string name="prompt_appointments">설비</string><string name="prompt_email">이메일</string><string name="new_email">새 이메일</string><string name="password">암호</string><string name="prompt_old_pass">기존 비밀번호</string><string name="prompt_new_pass">새 비밀번호</string><string name="prompt_send_a_message">메세지를 보내다</string><string name="prompt_cancel_request">요청 취소</string><string name="prompt_request_a_ring">반지 요청</string><string name="prompt_intro_what_is_reason_calling">호출하는 이유는 무엇입니까?</string><string name="prompt_reason_call_hint">호출하는 이유</string><string name="prompt_intro_video_or_phone_call">당신은 비디오 대화 또는 전화 하나 하시겠습니까?</string><string name="prompt_intro_suggest_time">전화 3 날짜를 추천 :</string><string name="prompt_video_conversation">비디오</string><string name="prompt_call_conversation">전화</string><string name="reason_call">호출 이유</string><string name="prompt_me">나를</string><string name="send">보내기</string><string name="prompt_hint_enter_description_photo">사진에 대한 설명을 추가합니다</string><string name="hint_search_doctors">의사 검색</string><string name="prompt_browse_a_category">또는 카테고리를 찾아</string><string name="prompt_country">국가</string><string name="separator_dash" translatable="false">-</string><string name="skip">버킷</string><string name="prompt_skip_all">모든 건너 뛰기</string><string name="prompt_pick">픽업</string><string name="prompt_yesterday">어제</string><string name="prompt_busy">바쁜</string><string name="prompt_online">온라인으로</string><string name="prompt_biography">전기</string><string name="prompt_specialties">특산품</string><string name="prompt_header_topbar_doctors">의사</string><string name="prompt_header_basic_info">기본 정보</string><string name="prompt_header_change_pass">암호 변경</string><string name="call_request_prefix">반지 %s</string><string name="prompt_header_topbar_appoinments">내 약속</string><string name="title_call_request_to">에 요청 %s</string><string name="title_call_request_from">%s YEU CAU 화</string><string name="prompt_header_topbar_inbox">주석 NHAN</string><string name="search">TIM 키엠</string><string name="clear_history">XOA 리치 스와</string><string name="prompt_no_appointments">\n 금지 지리적으로 공동 박쥐 켄터키 cuộc 암탉 NAO</string><string name="prompt_no_appointments_intro">촌 MOT 혈중 알코올 농도가 SI</string><string name="prompt_no_inbox">금지 지리적으로 공동 박쥐 켄터키 주석 NHAN의 NAO.</string><string name="error_message_no_internet_connection">쥐 TIEP는 공동 MOT 반 DJE KET 노이. 반 공동 뮤온 MO 무선 제어 DJE GIAI quyết 반 DJE 아니?</string><string name="error_invalid_email">목 điện TU 지리적으로 뛰어 르. VUI 긴 목 라이!</string><string name="error_pass_required">VUI 긴 NHAP 매트 KHAU CUA 금지!</string><string name="error_tooshort_password">매트 KHAU ...로서 팡안. 매트 KHAU phải 공동 IT 낫 6 켄터키 Tự.</string><string name="error_upperchar_password">매트 KHAU 아니 phải 공동 IT 낫 TREN MOT 켄터키 Tự</string><string name="error_specialchar_password">매트 KHAU 아니 phải 공동 IT 낫 MOT 켄터키 Tự đặc biệt</string><string name="error_space_password">매트 KHAU 아니 지리적으로 được Chua의 DAU CACH</string><string name="error_name_required">VUI 긴 NHAP 열 디제이 đủ CUA 금지!</string><string name="error_phone_number_required">VUI 긴 NHAP 있도록 điện thoại CUA 금지</string><string name="error_phone_number_invalid">그래서 điện thoại 지리적으로 홉 르</string><string name="error_reason_calling_required">신화 VUI 긴 NHAP MUC đích cuộc 고이!</string><string name="error_card_holder_name_required">VUI 긴 NHAP TEN 추 타이 khoản CUA 금지!</string><string name="error_card_holder_number_required">VUI 긴 NHAP MA 그래서 CUA 금지!</string><string name="error_card_holder_code_required">VUI 긴 NHAP 엄마 CVC CUA 금지!</string><string name="error_card_holder_number_too_short">그래서 타이 khoản được YEU CAU phải 공동 IT 낫 (16) 켄터키 Tự!</string><string name="error_card_holder_code_too_short">엄마 타이 khoản được YEU CAU phải 공동 IT 낫 3 켄터키 Tự!</string><string name="error_parsing_data">로이 판 tích 뒤 대신!</string><string name="error_unknown">로이 지리적으로 RO</string><string name="error_unknown_host">신화 로이! 정 토이 히엔 đang GAP KHO 칸 VE 켄터키 thuật VA 지리적으로 호안 TAT QUA 트린 타이을 Thoi điểm 안된다. VUI 긴 부두 라이 SAU.</string><string name="change_pass_success">매트 KHAU DJA được 캡 낫 탄 콩</string><string name="change_update_success">캡 낫 탄 콩!</string><string name="success">SU 탄 콩</string><!--  For 1.3  --><string name="prompt_suggested_time_slots">Khung을 Thoi 지안 DJE XUAT</string><string name="prompt_select_date_and_confirm">촌 ngày VA XAC NHAN</string>><string name="prompt_select_date_and_hour">촌 ngày의 버지니아 GIO</string><string name="prompt_header_topbar_filter">LOC :</string><string name="error_must_logout">Phiên 금지 MOI CUA RingMD TREN 안드로이드 YEU CAU 금지 đăng NHAP 라이 DJE 있길 đổi 공동 TAC 똥.</string><string name="prompt_go_to_chat_room">바오 퐁 TRO chuyện</string><string name="prompt_day">Ngày</string><string name="prompt_days">Ngày</string><string name="prompt_hour">GIO</string><string name="prompt_hours">GIO</string><string name="prompt_minute">팡</string><string name="prompt_minutes">팡</string><string name="prompt_second">목 하이</string><string name="prompt_seconds">지아이</string><string name="less_than">%s IT 혼</string><string name="active_appointment_title">HOAT động</string><string name="past_appointment_title">리치 스와</string><string name="prompt_request_new_ring">새로운 반지 요청</string><string name="prompt_no_results">일치하는 결과가 없습니다</string><string name="prompt_please_try_another_keyword">VUI 긴 NHAP TU 코아 호안 chỉnh 초 KET ...로서 팀 키엠 TOT 혼</string><string name="error_speciality_required">VUI 긴 촌 MOT chuyên 월.</string><!--  For 1.4  --><string name="error_email_taken">이메일 아니 DJA được SU 배설물.</string><string name="error_language_required">VUI 긴 촌 IT 낫 MOT ngôn 우라</string><string name="prompt_languages_intro">Ngôn 우라</string><string name="prompt_title_select_language_dialog">촌 ngôn 우라 금지 노이</string><string name="prompt_filter_by">LOC 테오 :</string><string name="prompt_sort_by">판 loại 테오</string><string name="warning_year_missing">VUI 긴 촌 남</string><string name="warning_affiliation_input_missing">VUI 긴 NHAP MOT 선취 KET 홉 르</string><string name="warning_award_input_missing">VUI 긴 NHAP MOT GIAI 투옹 공동 GIA 배출량</string><string name="warning_hospital_missing">VUI 긴 cung 캡 MOT 열 bệnh 비엔 타 르</string><string name="warning_school_missing">VUI 긴 cung 캡 MOT TEN 특별 홉 르</string><!--  Profile --><string name="primary_specialty">Đặc biệt chính</string><string name="primary_specialty_hint">촌 MOT chuyên GIA</string><string name="subspecialties_special_interest">코아 푸 VA 있도록 틱 đặc biệt</string><string name="subspecialties">코아의 푸</string><string name="subspecialties_hint">그들 MOT chuyên 코아 ...</string><string name="special_interests">그래서 틱 đặc biệt</string><string name="special_interests_hint">그들 콴 탐 đặc biệt 혼 NUA</string><string name="currency">티엔 테</string><string name="currency_and_price">티엔 테 VA GIA CA 초 MOI TU 반</string><string name="price_per_consultation">GIA MOI cuộc 캄 bệnh</string><string name="price">GIA</string><string name="price_short">응안의 곤</string><string name="price_medium">트룽 지안</string><string name="price_long">TOAN 디엔</string><string name="price_short_hint">(그것은 10 팡을 HON)</string><string name="price_medium_hint">(TU 10 đến 30 팡)</string><string name="price_long_hint">(HON (30) 팡)</string><string name="price_value_invalid">GIA 지리적으로 타 르</string><string name="price_value_required">건초 GIA đầu VAO</string><string name="price_medium_constrain">GIA 초 cuộc 고이 vừa phải 지리적으로 thấp 혼 GIA 초 cuộc 고이 팡안</string><string name="price_long_constrain">GIA 초 cuộc 고이 다이 지리적으로 được thấp 혼 GIA 초 CAC cuộc 고이 트룽 빈</string><string name="account_not_approved_for_feature">타이 khoản CUA 금지 Chua의 được 프 duyệt 수행 DJO 금지 탐을 Thoi 지리적으로 스와 배설물 TÌNH 낭 아니</string><!--  Conversation  --><string name="error_sending_message">Chua의 được GUI. 참 DJE 목 라이</string><string name="message_input_hint">이동 NHAN</string><string name="switch_account">Chuyển 타이 khoản</string><!--  Payment for appointment --><string name="checkout">키엠 TRA</string><!--  Upload / download file --><string name="prompt_uploading">Đang 다운로드이 렌 ...</string><string name="upload_success">다운로드이 렌 탄 콩</string><string name="upload_failed">다운로드이 렌 그 바이</string><string name="upload_failed_message">다운로드이 렌 그 바이, XEM XET 노이 배설물 VA 목 라이</string><string name="upload_preview_attachment">XEM trước 탭 주석 đính의 KEM</string><string name="attachment">탭 주석 đính의 KEM</string><string name="no_image_crop_app">지리적으로 TIM을 있길 웅 배설물 DJE 고양이 hình ANH</string><string name="error_file_created_local">지리적으로 LUU 탭 주석, 티베트 VUI 긴 키엠 TRA 보 NHO CUA 금지</string><string name="error_read_file_content">지리적으로 đọc 노이 배설물 탭 주석!</string><string name="dlg_title_no_connection">지리적으로 공동 KET 노이</string><!--  Force update  --><string name="msg_must_upgrade">MOT phiên 금지 MOI CUA RingMD TREN 안드로이드 DJA được 캡 낫. VUI 긴 NAG 캡 렌 phiên 금지 MOI 낫.</string><string name="upgrade">낭 캡</string><string name="no_app_for_content">지리적으로 TIM을 있길 박쥐 켄터키 웅 배설물 TREN 티엣 BI DJE XEM 노이 배설물</string></resources>sage">다운로드이 렌 그 바이, XEM XET 노이 배설물 VA 목 라이</string><string name="upload_preview_attachment">XEM trước 탭 주석 đính의 KEM</string><string name="attachment">탭 주석 đính의 KEM</string><string name="no